Build started 2014-11-02 15:48:07.
     1>Project "D:\GAME PROJECT\RetardedGame\RetardedGame\RetardedGame.vcxproj" on node 2 (Build target(s)).
     1>Link:
         G:\Program Files (x86)\Visual Studio\VC\bin\x86_amd64\link.exe /ERRORREPORT:PROMPT /OUT:"D:\GAME PROJECT\RetardedGame\x64\Debug\RetardedGame.exe" /INCREMENTAL /NOLOGO /LIBPATH:"D:\GAME PROJECT\RetardedGame\\SDL\lib\x64" kernel32.lib user32.lib gdi32.lib winspool.lib comdlg32.lib advapi32.lib shell32.lib ole32.lib oleaut32.lib uuid.lib odbc32.lib odbccp32.lib SDL2.lib SDL2main.lib SDL2_image.lib kernel32.lib user32.lib gdi32.lib winspool.lib comdlg32.lib advapi32.lib shell32.lib ole32.lib oleaut32.lib uuid.lib odbc32.lib odbccp32.lib /MANIFEST /MANIFESTUAC:"level='asInvoker' uiAccess='false'" /manifest:embed /DEBUG /PDB:"D:\GAME PROJECT\RetardedGame\x64\Debug\RetardedGame.pdb" /SUBSYSTEM:CONSOLE /TLBID:1 /DYNAMICBASE /NXCOMPAT /IMPLIB:"D:\GAME PROJECT\RetardedGame\x64\Debug\RetardedGame.lib" /MACHINE:X64 x64\Debug\Character.obj
         x64\Debug\Enemy.obj
         x64\Debug\EnemyFactory.obj
         x64\Debug\FpsCapper.obj
         x64\Debug\Gadget.obj
         x64\Debug\Goggles.obj
         x64\Debug\Gun.obj
         x64\Debug\Item.obj
         x64\Debug\main.obj
         x64\Debug\Map.obj
         x64\Debug\Player.obj
         x64\Debug\Shoes.obj
         x64\Debug\Texture.obj
         x64\Debug\TopHat.obj
         x64\Debug\Weapon.obj
         x64\Debug\Window.obj
     1>MSVCRTD.lib(cinitexe.obj) : warning LNK4098: defaultlib 'msvcrt.lib' conflicts with use of other libs; use /NODEFAULTLIB:library
     1>main.obj : error LNK2019: unresolved external symbol "public: void __cdecl Map::render(void)" (?render@Map@@QEAAXXZ) referenced in function SDL_main
     1>main.obj : error LNK2019: unresolved external symbol "public: void __cdecl Map::setTexturePointer(class Texture *)" (?setTexturePointer@Map@@QEAAXPEAVTexture@@@Z) referenced in function SDL_main
     1>D:\GAME PROJECT\RetardedGame\x64\Debug\RetardedGame.exe : fatal error LNK1120: 2 unresolved externals
     1>Done Building Project "D:\GAME PROJECT\RetardedGame\RetardedGame\RetardedGame.vcxproj" (Build target(s)) -- FAILED.

Build FAILED.

Time Elapsed 00:00:00.38
